<?xml version="1.0" encoding="UTF-8"?>
<!-- Generated by org.testng.reporters.JUnitReportReporter -->
<testsuite skipped="0" hostname="LAPTOP-72VUACFQ" name="testApplications.TC_Hotstar" tests="1" failures="0" timestamp="2020-05-08T16:59:21 IST" time="65.117" errors="0">
  <testcase name="automateHotstar" time="65.117" classname="testApplications.TC_Hotstar"/>
</testsuite> <!-- testApplications.TC_Hotstar -->
