<?xml version="1.0" encoding="UTF-8"?>
<!-- Generated by org.testng.reporters.JUnitReportReporter -->
<testsuite skipped="0" hostname="LAPTOP-72VUACFQ" name="testApplications.TC_AmazonMusic" tests="1" failures="0" timestamp="2020-05-08T18:19:20 IST" time="81.344" errors="0">
  <testcase name="automateAmazonMusic" time="81.344" classname="testApplications.TC_AmazonMusic"/>
</testsuite> <!-- testApplications.TC_AmazonMusic -->
